<?xml version="1.0" encoding="UTF-8"?>
<!-- Generated by org.testng.reporters.JUnitXMLReporter -->
<testsuite ignored="0" hostname="DESKTOP-3BHM597" failures="1" tests="4" name="Test" time="165.488" errors="0" timestamp="2024-10-24T20:33:07 IST">
  <testcase classname="testCases.TC001_Verify_Automobile_Send_Quotes" name="sendQuotesForAutomobile" time="51.489"/>
  <testcase classname="testCases.TC002_Verify_Automobile_Send_Quotes_For_Platinum_Plan" name="sendQuotesForAutomobile" time="45.169"/>
  <testcase classname="testCases.TC002_Verify_Automobile_Send_Quotes_For_Platinum_Plan" name="sendQuotesForAutomobile" time="16.726">
    <failure type="java.lang.AssertionError" message="expected [1,560.00] but found [1,574.00]">
      <![CDATA[java.lang.AssertionError: expected [1,560.00] but found [1,574.00]
at basePages.SelectPriceOptionPage.verifyPrice(SelectPriceOptionPage.java:42)
at testCases.TC002_Verify_Automobile_Send_Quotes_For_Platinum_Plan.sendQuotesForAutomobile(TC002_Verify_Automobile_Send_Quotes_For_Platinum_Plan.java:42)
at java.base/java.util.ArrayList.forEach(ArrayList.java:1597)
... Removed 31 stack frames]]>
    </failure>
  </testcase> <!-- sendQuotesForAutomobile -->
  <testcase classname="testCases.TC003_Verify_Automobile_Send_Quotes_For_Silver_Plan" name="sendQuotesForAutomobile" time="48.91"/>
</testsuite> <!-- Test -->
