<html>
<head>
<title>TestNG:  Test</title>
<link href="../testng.css" rel="stylesheet" type="text/css" />
<link href="../my-testng.css" rel="stylesheet" type="text/css" />

<style type="text/css">
.log { display: none;} 
.stack-trace { display: none;} 
</style>
<script type="text/javascript">
<!--
function flip(e) {
  current = e.style.display;
  if (current == 'block') {
    e.style.display = 'none';
    return 0;
  }
  else {
    e.style.display = 'block';
    return 1;
  }
}

function toggleBox(szDivId, elem, msg1, msg2)
{
  var res = -1;  if (document.getElementById) {
    res = flip(document.getElementById(szDivId));
  }
  else if (document.all) {
    // this is the way old msie versions work
    res = flip(document.all[szDivId]);
  }
  if(elem) {
    if(res == 0) elem.innerHTML = msg1; else elem.innerHTML = msg2;
  }

}

function toggleAllBoxes() {
  if (document.getElementsByTagName) {
    d = document.getElementsByTagName('div');
    for (i = 0; i < d.length; i++) {
      if (d[i].className == 'log') {
        flip(d[i]);
      }
    }
  }
}

// -->
</script>

</head>
<body>
<h2 align='center'>Test</h2><table border='1' align="center">
<tr>
<td>Tests passed/Failed/Skipped:</td><td>4/1/0</td>
</tr><tr>
<td>Started on:</td><td>Mon Oct 28 06:21:12 IST 2024</td>
</tr>
<tr><td>Total time:</td><td>191 seconds (191239 ms)</td>
</tr><tr>
<td>Included groups:</td><td></td>
</tr><tr>
<td>Excluded groups:</td><td></td>
</tr>
</table><p/>
<small><i>(Hover the method name to see the test class name)</i></small><p/>
<table width='100%' border='1' class='invocation-failed'>
<tr><td colspan='4' align='center'><b>FAILED TESTS</b></td></tr>
<tr><td><b>Test method</b></td>
<td><b>Attribute(s)</b></td>
<td width="30%"><b>Exception</b></td>
<td width="10%"><b>Time (seconds)</b></td>
<td><b>Instance</b></td>
</tr>
<tr>
<td title='testCases.TC002_Verify_Automobile_Send_Quotes_For_Platinum_Plan.sendQuotesForAutomobile()'><b>sendQuotesForAutomobile</b><br>Test class: testCases.TC002_Verify_Automobile_Send_Quotes_For_Platinum_Plan<br>Parameters: {FirstName=John, PriceOption=Platinum, Make=BMW, OnlineClaim=Submit, Seats=6, Occupation=Employee, WorldWideCover=Limited, ClaimDiscount=5, TestCase=TC002_Verify_Automobile_Send_Quotes_For_Platinum_Plan, Price=1,560.00, Fuel=Electric Power, Hobby=speeding, LastName=Cena}</td>
<td><div><pre>java.lang.AssertionError: expected [1,560.00] but found [1,574.00]
	at basePages.SelectPriceOptionPage.verifyPrice(SelectPriceOptionPage.java:42)
	at testCases.TC002_Verify_Automobile_Send_Quotes_For_Platinum_Plan.sendQuotesForAutomobile(TC002_Verify_Automobile_Send_Quotes_For_Platinum_Plan.java:42)
	at java.base/java.util.ArrayList.forEach(ArrayList.java:1596)
... Removed 35 stack frames</pre></div><a href='#' onClick='toggleBox("stack-trace475249993", this, "Click to show all stack frames", "Click to hide stack frames")'>Click to show all stack frames</a>
<div class='stack-trace' id='stack-trace475249993'><pre>java.lang.AssertionError: expected [1,560.00] but found [1,574.00]
	at org.testng.Assert.fail(Assert.java:111)
	at org.testng.Assert.failNotEquals(Assert.java:1578)
	at org.testng.Assert.assertEqualsImpl(Assert.java:150)
	at org.testng.Assert.assertEquals(Assert.java:132)
	at org.testng.Assert.assertEquals(Assert.java:656)
	at org.testng.Assert.assertEquals(Assert.java:666)
	at basePages.SelectPriceOptionPage.verifyPrice(SelectPriceOptionPage.java:42)
	at testCases.TC002_Verify_Automobile_Send_Quotes_For_Platinum_Plan.sendQuotesForAutomobile(TC002_Verify_Automobile_Send_Quotes_For_Platinum_Plan.java:42)
	at java.base/jdk.internal.reflect.DirectMethodHandleAccessor.invoke(DirectMethodHandleAccessor.java:103)
	at java.base/java.lang.reflect.Method.invoke(Method.java:580)
	at org.testng.internal.invokers.MethodInvocationHelper.invokeMethod(MethodInvocationHelper.java:141)
	at org.testng.internal.invokers.TestInvoker.invokeMethod(TestInvoker.java:686)
	at org.testng.internal.invokers.TestInvoker.invokeTestMethod(TestInvoker.java:230)
	at org.testng.internal.invokers.MethodRunner.runInSequence(MethodRunner.java:63)
	at org.testng.internal.invokers.TestInvoker$MethodInvocationAgent.invoke(TestInvoker.java:992)
	at org.testng.internal.invokers.TestInvoker.invokeTestMethods(TestInvoker.java:203)
	at org.testng.internal.invokers.TestMethodWorker.invokeTestMethods(TestMethodWorker.java:154)
	at org.testng.internal.invokers.TestMethodWorker.run(TestMethodWorker.java:134)
	at java.base/java.util.ArrayList.forEach(ArrayList.java:1596)
	at org.testng.TestRunner.privateRun(TestRunner.java:739)
	at org.testng.TestRunner.run(TestRunner.java:614)
	at org.testng.SuiteRunner.runTest(SuiteRunner.java:421)
	at org.testng.SuiteRunner.runSequentially(SuiteRunner.java:413)
	at org.testng.SuiteRunner.privateRun(SuiteRunner.java:373)
	at org.testng.SuiteRunner.run(SuiteRunner.java:312)
	at org.testng.SuiteRunnerWorker.runSuite(SuiteRunnerWorker.java:52)
	at org.testng.SuiteRunnerWorker.run(SuiteRunnerWorker.java:95)
	at org.testng.TestNG.runSuitesSequentially(TestNG.java:1274)
	at org.testng.TestNG.runSuitesLocally(TestNG.java:1208)
	at org.testng.TestNG.runSuites(TestNG.java:1112)
	at org.testng.TestNG.run(TestNG.java:1079)
	at org.apache.maven.surefire.testng.TestNGExecutor.run(TestNGExecutor.java:308)
	at org.apache.maven.surefire.testng.TestNGXmlTestSuite.execute(TestNGXmlTestSuite.java:71)
	at org.apache.maven.surefire.testng.TestNGProvider.invoke(TestNGProvider.java:113)
	at org.apache.maven.surefire.booter.ForkedBooter.runSuitesInProcess(ForkedBooter.java:385)
	at org.apache.maven.surefire.booter.ForkedBooter.execute(ForkedBooter.java:162)
	at org.apache.maven.surefire.booter.ForkedBooter.run(ForkedBooter.java:507)
	at org.apache.maven.surefire.booter.ForkedBooter.main(ForkedBooter.java:495)
</pre></div></td>
<td>14</td>
<td>testCases.TC002_Verify_Automobile_Send_Quotes_For_Platinum_Plan@2d0399f4</td></tr>
</table><p>
<table width='100%' border='1' class='invocation-passed'>
<tr><td colspan='4' align='center'><b>PASSED TESTS</b></td></tr>
<tr><td><b>Test method</b></td>
<td><b>Attribute(s)</b></td>
<td width="30%"><b>Exception</b></td>
<td width="10%"><b>Time (seconds)</b></td>
<td><b>Instance</b></td>
</tr>
<tr>
<td title='testCases.TC003_Verify_Automobile_Send_Quotes_For_Silver_Plan.sendQuotesForAutomobile()'><b>sendQuotesForAutomobile</b><br>Test class: testCases.TC003_Verify_Automobile_Send_Quotes_For_Silver_Plan<br>Parameters: {FirstName=Randy, PriceOption=Platinum, Make=Audi, OnlineClaim=Submit, Seats=4, Occupation=Employee, WorldWideCover=Limited, ClaimDiscount=5, TestCase=TC002_Verify_Automobile_Send_Quotes_For_Platinum_Plan, Price=1,560.00, Fuel=Petrol, Hobby=speeding, LastName=Ortan}</td>
<td></td>
<td>47</td>
<td>testCases.TC003_Verify_Automobile_Send_Quotes_For_Silver_Plan@55de24cc</td></tr>
<tr>
<td title='testCases.TC001_Verify_Automobile_Send_Quotes.sendQuotesForAutomobile()'><b>sendQuotesForAutomobile</b><br>Test class: testCases.TC001_Verify_Automobile_Send_Quotes<br>Parameters: TC001_Verify_Automobile_Send_Quotes, Audi, 4, Petrol, John, Cena, speeding, Employee, Gold, 795.00, Submit, 2, Limited</td>
<td></td>
<td>40</td>
<td>testCases.TC001_Verify_Automobile_Send_Quotes@14dd7b39</td></tr>
<tr>
<td title='testCases.TC002_Verify_Automobile_Send_Quotes_For_Platinum_Plan.sendQuotesForAutomobile()'><b>sendQuotesForAutomobile</b><br>Test class: testCases.TC002_Verify_Automobile_Send_Quotes_For_Platinum_Plan<br>Parameters: {FirstName=Randy, PriceOption=Platinum, Make=Audi, OnlineClaim=Submit, Seats=4, Occupation=Employee, WorldWideCover=Limited, ClaimDiscount=5, TestCase=TC002_Verify_Automobile_Send_Quotes_For_Platinum_Plan, Price=1,560.00, Fuel=Petrol, Hobby=speeding, LastName=Ortan}</td>
<td></td>
<td>43</td>
<td>testCases.TC002_Verify_Automobile_Send_Quotes_For_Platinum_Plan@2d0399f4</td></tr>
<tr>
<td title='testCases.TC004_Verify_Automobile_View_Quotes.sendQuotesForAutomobile()'><b>sendQuotesForAutomobile</b><br>Test class: testCases.TC004_Verify_Automobile_View_Quotes<br>Parameters: TC001_Verify_Automobile_Send_Quotes, Audi, 4, Petrol, John, Cena, speeding, Employee, Gold, 795.00, Submit, 2, Limited</td>
<td></td>
<td>39</td>
<td>testCases.TC004_Verify_Automobile_View_Quotes@66ea810</td></tr>
</table><p>
</body>
</html>