<?xml version="1.0" encoding="UTF-8"?>
<!-- Generated by org.testng.reporters.JUnitXMLReporter -->
<testsuite ignored="0" hostname="DESKTOP-3BHM597" failures="1" tests="5" name="Test" time="191.239" errors="0" timestamp="2024-10-28T06:24:24 IST">
  <testcase classname="testCases.TC003_Verify_Automobile_Send_Quotes_For_Silver_Plan" name="sendQuotesForAutomobile" time="47.31"/>
  <testcase classname="testCases.TC002_Verify_Automobile_Send_Quotes_For_Platinum_Plan" name="sendQuotesForAutomobile" time="43.537"/>
  <testcase classname="testCases.TC002_Verify_Automobile_Send_Quotes_For_Platinum_Plan" name="sendQuotesForAutomobile" time="14.732">
    <failure type="java.lang.AssertionError" message="expected [1,560.00] but found [1,574.00]">
      <![CDATA[java.lang.AssertionError: expected [1,560.00] but found [1,574.00]
at basePages.SelectPriceOptionPage.verifyPrice(SelectPriceOptionPage.java:42)
at testCases.TC002_Verify_Automobile_Send_Quotes_For_Platinum_Plan.sendQuotesForAutomobile(TC002_Verify_Automobile_Send_Quotes_For_Platinum_Plan.java:42)
at java.base/java.util.ArrayList.forEach(ArrayList.java:1596)
... Removed 35 stack frames]]>
    </failure>
  </testcase> <!-- sendQuotesForAutomobile -->
  <testcase classname="testCases.TC001_Verify_Automobile_Send_Quotes" name="sendQuotesForAutomobile" time="40.722"/>
  <testcase classname="testCases.TC004_Verify_Automobile_View_Quotes" name="sendQuotesForAutomobile" time="39.981"/>
</testsuite> <!-- Test -->
